# JRE version: Java(TM) SE Runtime Environment (8.0_121-b13) (build 1.8.0_121-b13)
# Java VM: Java HotSpot(TM) 64-Bit Server VM (25.121-b13 mixed mode linux-amd64 compressed oops)
Heap:
 PSYoungGen      total 110080K, used 23793K [0x00000000f8000000, 0x00000000ffe00000, 0x0000000100000000)
  eden space 91136K, 26% used [0x00000000f8000000,0x00000000f973c760,0x00000000fd900000)
  from space 18944K, 0% used [0x00000000feb80000,0x00000000feb80000,0x00000000ffe00000)
  to   space 18944K, 0% used [0x00000000fd900000,0x00000000fd900000,0x00000000feb80000)
 ParOldGen       total 71680K, used 53907K [0x00000000e8000000, 0x00000000ec600000, 0x00000000f8000000)
  object space 71680K, 75% used [0x00000000e8000000,0x00000000eb4a4ff0,0x00000000ec600000)
 Metaspace       used 101622K, capacity 108770K, committed 109312K, reserved 1142784K
  class space    used 13206K, capacity 15511K, committed 15616K, reserved 1048576K
GC Heap History (10 events):
Event: 360,010 GC heap before
{Heap before GC invocations=38 (full 6):
 PSYoungGen      total 110592K, used 90112K [0x00000000f8000000, 0x00000000fff00000, 0x0000000100000000)
  eden space 90112K, 100% used [0x00000000f8000000,0x00000000fd800000,0x00000000fd800000)
  from space 20480K, 0% used [0x00000000fd800000,0x00000000fd800000,0x00000000fec00000)
  to   space 19456K, 0% used [0x00000000fec00000,0x00000000fec00000,0x00000000fff00000)
 ParOldGen       total 71680K, used 56683K [0x00000000e8000000, 0x00000000ec600000, 0x00000000f8000000)
  object space 71680K, 79% used [0x00000000e8000000,0x00000000eb75ac38,0x00000000ec600000)
 Metaspace       used 99876K, capacity 107094K, committed 107264K, reserved 1140736K
  class space    used 12992K, capacity 15272K, committed 15360K, reserved 1048576K
Event: 360,051 GC heap after
Heap after GC invocations=38 (full 6):
 PSYoungGen      total 110592K, used 4058K [0x00000000f8000000, 0x00000000fff00000, 0x0000000100000000)
  eden space 91136K, 0% used [0x00000000f8000000,0x00000000f8000000,0x00000000fd900000)
  from space 19456K, 20% used [0x00000000fec00000,0x00000000feff6b48,0x00000000fff00000)
  to   space 19456K, 0% used [0x00000000fd900000,0x00000000fd900000,0x00000000fec00000)
 ParOldGen       total 71680K, used 56683K [0x00000000e8000000, 0x00000000ec600000, 0x00000000f8000000)
  object space 71680K, 79% used [0x00000000e8000000,0x00000000eb75ac38,0x00000000ec600000)
 Metaspace       used 99876K, capacity 107094K, committed 107264K, reserved 1140736K
  class space    used 12992K, capacity 15272K, committed 15360K, reserved 1048576K
}
Event: 374,670 GC heap before
{Heap before GC invocations=39 (full 6):
 PSYoungGen      total 110592K, used 43444K [0x00000000f8000000, 0x00000000fff00000, 0x0000000100000000)
  eden space 91136K, 43% used [0x00000000f8000000,0x00000000fa6767b8,0x00000000fd900000)
  from space 19456K, 20% used [0x00000000fec00000,0x00000000feff6b48,0x00000000fff00000)
  to   space 19456K, 0% used [0x00000000fd900000,0x00000000fd900000,0x00000000fec00000)
 ParOldGen       total 71680K, used 56683K [0x00000000e8000000, 0x00000000ec600000, 0x00000000f8000000)
  object space 71680K, 79% used [0x00000000e8000000,0x00000000eb75ac38,0x00000000ec600000)
 Metaspace       used 100833K, capacity 108054K, committed 108416K, reserved 1142784K
  class space    used 13089K, capacity 15400K, committed 15488K, reserved 1048576K
Event: 374,705 GC heap after
Heap after GC invocations=39 (full 6):
 PSYoungGen      total 96256K, used 5095K [0x00000000f8000000, 0x00000000ffe00000, 0x0000000100000000)
  eden space 91136K, 0% used [0x00000000f8000000,0x00000000f8000000,0x00000000fd900000)
  from space 5120K, 99% used [0x00000000fd900000,0x00000000fddf9ed0,0x00000000fde00000)
  to   space 18944K, 0% used [0x00000000feb80000,0x00000000feb80000,0x00000000ffe00000)
 ParOldGen       total 71680K, used 56683K [0x00000000e8000000, 0x00000000ec600000, 0x00000000f8000000)
  object space 71680K, 79% used [0x00000000e8000000,0x00000000eb75ac38,0x00000000ec600000)
 Metaspace       used 100833K, capacity 108054K, committed 108416K, reserved 1142784K
  class space    used 13089K, capacity 15400K, committed 15488K, reserved 1048576K
}
Event: 374,705 GC heap before
{Heap before GC invocations=40 (full 7):
 PSYoungGen      total 96256K, used 5095K [0x00000000f8000000, 0x00000000ffe00000, 0x0000000100000000)
  eden space 91136K, 0% used [0x00000000f8000000,0x00000000f8000000,0x00000000fd900000)
  from space 5120K, 99% used [0x00000000fd900000,0x00000000fddf9ed0,0x00000000fde00000)
  to   space 18944K, 0% used [0x00000000feb80000,0x00000000feb80000,0x00000000ffe00000)
 ParOldGen       total 71680K, used 56683K [0x00000000e8000000, 0x00000000ec600000, 0x00000000f8000000)
  object space 71680K, 79% used [0x00000000e8000000,0x00000000eb75ac38,0x00000000ec600000)
 Metaspace       used 100833K, capacity 108054K, committed 108416K, reserved 1142784K
  class space    used 13089K, capacity 15400K, committed 15488K, reserved 1048576K
Event: 375,632 GC heap after
Heap after GC invocations=40 (full 7):
 PSYoungGen      total 96256K, used 0K [0x00000000f8000000, 0x00000000ffe00000, 0x0000000100000000)
  eden space 91136K, 0% used [0x00000000f8000000,0x00000000f8000000,0x00000000fd900000)
  from space 5120K, 0% used [0x00000000fd900000,0x00000000fd900000,0x00000000fde00000)
  to   space 18944K, 0% used [0x00000000feb80000,0x00000000feb80000,0x00000000ffe00000)
 ParOldGen       total 71680K, used 54272K [0x00000000e8000000, 0x00000000ec600000, 0x00000000f8000000)
  object space 71680K, 75% used [0x00000000e8000000,0x00000000eb5001f8,0x00000000ec600000)
 Metaspace       used 100793K, capacity 107990K, committed 108416K, reserved 1142784K
  class space    used 13082K, capacity 15386K, committed 15488K, reserved 1048576K
}
Event: 434,671 GC heap before
{Heap before GC invocations=41 (full 7):
 PSYoungGen      total 96256K, used 52119K [0x00000000f8000000, 0x00000000ffe00000, 0x0000000100000000)
  eden space 91136K, 57% used [0x00000000f8000000,0x00000000fb2e5cb8,0x00000000fd900000)
  from space 5120K, 0% used [0x00000000fd900000,0x00000000fd900000,0x00000000fde00000)
  to   space 18944K, 0% used [0x00000000feb80000,0x00000000feb80000,0x00000000ffe00000)
 ParOldGen       total 71680K, used 54272K [0x00000000e8000000, 0x00000000ec600000, 0x00000000f8000000)
  object space 71680K, 75% used [0x00000000e8000000,0x00000000eb5001f8,0x00000000ec600000)
 Metaspace       used 101100K, capacity 108288K, committed 108672K, reserved 1142784K
  class space    used 13137K, capacity 15420K, committed 15488K, reserved 1048576K
Event: 434,696 GC heap after
Heap after GC invocations=41 (full 7):
 PSYoungGen      total 110080K, used 3430K [0x00000000f8000000, 0x00000000ffe00000, 0x0000000100000000)
  eden space 91136K, 0% used [0x00000000f8000000,0x00000000f8000000,0x00000000fd900000)
  from space 18944K, 18% used [0x00000000feb80000,0x00000000feed9930,0x00000000ffe00000)
  to   space 18944K, 0% used [0x00000000fd900000,0x00000000fd900000,0x00000000feb80000)
 ParOldGen       total 71680K, used 54272K [0x00000000e8000000, 0x00000000ec600000, 0x00000000f8000000)
  object space 71680K, 75% used [0x00000000e8000000,0x00000000eb5001f8,0x00000000ec600000)
 Metaspace       used 101100K, capacity 108288K, committed 108672K, reserved 1142784K
  class space    used 13137K, capacity 15420K, committed 15488K, reserved 1048576K
}
Event: 434,696 GC heap before
{Heap before GC invocations=42 (full 8):
 PSYoungGen      total 110080K, used 3430K [0x00000000f8000000, 0x00000000ffe00000, 0x0000000100000000)
  eden space 91136K, 0% used [0x00000000f8000000,0x00000000f8000000,0x00000000fd900000)
  from space 18944K, 18% used [0x00000000feb80000,0x00000000feed9930,0x00000000ffe00000)
  to   space 18944K, 0% used [0x00000000fd900000,0x00000000fd900000,0x00000000feb80000)
 ParOldGen       total 71680K, used 54272K [0x00000000e8000000, 0x00000000ec600000, 0x00000000f8000000)
  object space 71680K, 75% used [0x00000000e8000000,0x00000000eb5001f8,0x00000000ec600000)
 Metaspace       used 101100K, capacity 108288K, committed 108672K, reserved 1142784K
  class space    used 13137K, capacity 15420K, committed 15488K, reserved 1048576K
Event: 435,588 GC heap after
Heap after GC invocations=42 (full 8):
 PSYoungGen      total 110080K, used 0K [0x00000000f8000000, 0x00000000ffe00000, 0x0000000100000000)
  eden space 91136K, 0% used [0x00000000f8000000,0x00000000f8000000,0x00000000fd900000)
  from space 18944K, 0% used [0x00000000feb80000,0x00000000feb80000,0x00000000ffe00000)
  to   space 18944K, 0% used [0x00000000fd900000,0x00000000fd900000,0x00000000feb80000)
 ParOldGen       total 71680K, used 53907K [0x00000000e8000000, 0x00000000ec600000, 0x00000000f8000000)
  object space 71680K, 75% used [0x00000000e8000000,0x00000000eb4a4ff0,0x00000000ec600000)
 Metaspace       used 100943K, capacity 108060K, committed 108672K, reserved 1142784K
  class space    used 13116K, capacity 15382K, committed 15488K, reserved 1048576K
}

